C51 COMPILER V9.01   KEYPRESS                                                              06/25/2019 09:02:08 PAGE 1   


C51 COMPILER V9.01, COMPILATION OF MODULE KEYPRESS
OBJECT MODULE PLACED IN .\Objects\Keypress.obj
COMPILER INVOKED BY: C:\Keil_v5\C51\BIN\C51.EXE Keypress.c OPTIMIZE(8,SPEED) BROWSE DEBUG OBJECTEXTEND PRINT(.\Listings\
                    -Keypress.lst) TABS(2) OBJECT(.\Objects\Keypress.obj)

line level    source

   1          /************************************************************************/
   2          /**********                     Keypress.C                  *************/
   3          /**********          Written By LKX---20160724              *************/
   4          /**********                  Version 1.0            ***************/
   5          /************************************************************************/
   6          #include "Keypress.h"
   7          
   8          
   9          //-----------------------------------------------------------------------
  10          //@@@@@@@@@@@@@@@@@@@@@@@@@@@@@@@@@@@@@@@@@@@@@@@@@@@@@@@@@@@@@@@@@@@@@@@
  11          //-----------------------------------------------------------------------
  12          //----------------------数据变量定义-------------------------------------
  13          //-----------------------------------------------------------------------
  14          //=======================================================================
  15          
  16          //-----------------------------------------------------------------------
  17          //@@@@@@@@@@@@@@@@@@@@@@@@@@@@@@@@@@@@@@@@@@@@@@@@@@@@@@@@@@@@@@@@@@@@@@@
  18          //-----------------------------------------------------------------------
  19          //----------------------具体函数实现-------------------------------------
  20          //-----------------------------------------------------------------------
  21          //=======================================================================
  22          
  23          
  24          
  25          /************读取按键状态直至松手*************/
  26          
  27          u8 Read_KEY1_Release(void)
  28          {
  29   1        u8  a = 0;
  30   1        KEY1=1; 
  31   1        if(KEY1==0)
  32   1        {
  33   2          delay_ms(1);
  34   2          if(KEY1==0)
  35   2          {
  36   3            while(KEY1==0&&a<100){
  37   4              delay_ms(10);
  38   4              a++;
  39   4            }
  40   3            return TRUE;
  41   3          }
  42   2          else return FALSE;
  43   2        }
  44   1        else return FALSE;
  45   1      }
  46          
  47          u8 Read_KEY2_Release(void)
  48          {
  49   1        u8  a = 0;
  50   1        KEY2=1; 
  51   1        if(KEY2==0)
  52   1        {
  53   2          delay_ms(1);
  54   2          if(KEY2==0)
C51 COMPILER V9.01   KEYPRESS                                                              06/25/2019 09:02:08 PAGE 2   

  55   2          {
  56   3            while(KEY2==0&&a<100){
  57   4              delay_ms(10);
  58   4              a++;
  59   4            }
  60   3            return TRUE;
  61   3          }
  62   2          else return FALSE;
  63   2        }
  64   1        else return FALSE;
  65   1      }
  66          
  67          u8 Read_KEY3_Release(void)
  68          {
  69   1        u8  a = 0;
  70   1        KEY3=1; 
  71   1        if(KEY3==0)
  72   1        {
  73   2          delay_ms(1);
  74   2          if(KEY3==0)
  75   2          {
  76   3            while(KEY3==0&&a<100){
  77   4              delay_ms(10);
  78   4              a++;
  79   4            }
  80   3            return TRUE;
  81   3          }
  82   2          else return FALSE;
  83   2        }
  84   1        else return FALSE;
  85   1      }
  86          
  87          u8 Read_KEY4_Release(void)
  88          {
  89   1        u8  a = 0;
  90   1        KEY4=1; 
  91   1        if(KEY4==0)
  92   1        {
  93   2          delay_ms(1);
  94   2          if(KEY4==0)
  95   2          {
  96   3            while(KEY4==0&&a<100){
  97   4              delay_ms(10);
  98   4              a++;
  99   4            }
 100   3            return TRUE;
 101   3          }
 102   2          else return FALSE;
 103   2        }
 104   1        else return FALSE;
 105   1      }
 106          
 107          u8 Read_KEY5_Release(void)
 108          {
 109   1        u8  a = 0;
 110   1        KEY5=1; 
 111   1        if(KEY5==0)
 112   1        {
 113   2          delay_ms(1);
 114   2          if(KEY5==0)
 115   2          {
 116   3            while(KEY5==0&&a<100){
C51 COMPILER V9.01   KEYPRESS                                                              06/25/2019 09:02:08 PAGE 3   

 117   4              delay_ms(10);
 118   4              a++;
 119   4            }
 120   3            return TRUE;
 121   3          }
 122   2          else return FALSE;
 123   2        }
 124   1        else return FALSE;
 125   1      }
 126          
 127          u8 Read_KEY6_Release(void)
 128          {
 129   1        u8  a = 0;
 130   1        KEY6=1; 
 131   1        if(KEY6==0)
 132   1        {
 133   2          delay_ms(1);
 134   2          if(KEY6==0)
 135   2          {
 136   3            while(KEY6==0&&a<100){
 137   4              delay_ms(10);
 138   4              a++;
 139   4            }
 140   3            return TRUE;
 141   3          }
 142   2          else return FALSE;
 143   2        }
 144   1        else return FALSE;
 145   1      }
 146          /*************读取按键状态************/
 147          u8 Read_KEY1(void)
 148          {
 149   1        KEY1=1;
 150   1        
 151   1        if(KEY1==0)
 152   1        {
 153   2          delay_ms(1);
 154   2          if(KEY1==0)
 155   2          {
 156   3            return TRUE;
 157   3          }
 158   2          else return FALSE;
 159   2        }
 160   1        else return FALSE;
 161   1      }
 162          
 163          u8 Read_KEY2(void)
 164          {
 165   1        KEY2=1;
 166   1        
 167   1        if(KEY2==0)
 168   1        {
 169   2          delay_ms(1);
 170   2          if(KEY2==0)
 171   2          {
 172   3            return TRUE;
 173   3          }
 174   2          else return FALSE;
 175   2        }
 176   1        else return FALSE;
 177   1      }
 178          
C51 COMPILER V9.01   KEYPRESS                                                              06/25/2019 09:02:08 PAGE 4   

 179          u8 Read_KEY3(void)
 180          {
 181   1        KEY3=1;
 182   1        
 183   1        if(KEY3==0)
 184   1        {
 185   2          delay_ms(1);
 186   2          if(KEY3==0)
 187   2          {
 188   3            return TRUE;
 189   3          }
 190   2          else return FALSE;
 191   2        }
 192   1        else return FALSE;
 193   1      }
 194          
 195          u8 Read_KEY4(void)
 196          {
 197   1        KEY4=1;
 198   1        
 199   1        if(KEY4==0)
 200   1        {
 201   2          delay_ms(1);
 202   2          if(KEY4==0)
 203   2          {
 204   3            return TRUE;
 205   3          }
 206   2          else return FALSE;
 207   2        }
 208   1        else return FALSE;
 209   1      }
 210          
 211          /*******************************************************************************
 212          * 函 数 名         : KeyScan_GPIO
 213          * 函数功能       : 检测有按键按下并读取键值读取值为0~15
 214          * 输    入         : 无
 215          * 输    出         : 无
 216          *******************************************************************************/
 217          u8 KeyScan_GPIO(void)
 218          {
 219   1        char a = 0;
 220   1        u8 KeyValue = 17,temp;
 221   1        GPIO_KEY=0x0f;
 222   1        if(GPIO_KEY!=0x0f)//读取按键是否按下
 223   1        {
 224   2          delay_ms(5);//延时5ms进行消抖
 225   2          if(GPIO_KEY!=0x0f)//再次检测键盘是否按下
 226   2          {
 227   3            
 228   3            //测试列
 229   3            GPIO_KEY=0X0F;
 230   3            temp = GPIO_KEY;
 231   3            switch(GPIO_KEY)
 232   3            {
 233   4              case(0X07): KeyValue=0;break;
 234   4              case(0X0b): KeyValue=4;break;
 235   4              case(0X0d): KeyValue=8;break;
 236   4              case(0X0e): KeyValue=12;break;
 237   4            }
 238   3            //测试行
 239   3            GPIO_KEY=0XF0;
 240   3            temp  = GPIO_KEY;
C51 COMPILER V9.01   KEYPRESS                                                              06/25/2019 09:02:08 PAGE 5   

 241   3            switch(GPIO_KEY)
 242   3            {
 243   4              case(0X70): KeyValue=KeyValue+3;break;
 244   4              case(0Xb0): KeyValue=KeyValue+2;break;
 245   4              case(0Xd0): KeyValue=KeyValue+1;break;
 246   4              case(0Xe0): KeyValue=KeyValue;break;
 247   4            }
 248   3            while((a<100) && (GPIO_KEY!=0xf0))   //检测按键松手检测
 249   3            {
 250   4              delay_ms(10);
 251   4              a++;
 252   4            }
 253   3          }
 254   2        }
 255   1        return KeyValue;
 256   1      }
 257          void Key_Scan()
 258          {
 259   1        switch(KeyScan_GPIO())
 260   1        {
 261   2          case 0:
 262   2            
 263   2            break;
 264   2        
 265   2          case 1:
 266   2          
 267   2            break;
 268   2          
 269   2          case 2:
 270   2          
 271   2            break;
 272   2          
 273   2          case 3:
 274   2          
 275   2            break;
 276   2          
 277   2          case 4:
 278   2        
 279   2            break;
 280   2          
 281   2          case 5:
 282   2          
 283   2            break;
 284   2          
 285   2          case 6:
 286   2        
 287   2            break;
 288   2          
 289   2          case 7:
 290   2          
 291   2            break;
 292   2          
 293   2          case 8:
 294   2        
 295   2            break;
 296   2        
 297   2          case 9:
 298   2        
 299   2            break;
 300   2          
 301   2          case 10:
 302   2      
C51 COMPILER V9.01   KEYPRESS                                                              06/25/2019 09:02:08 PAGE 6   

 303   2            break;
 304   2          
 305   2          case 11:
 306   2      
 307   2            break;
 308   2          
 309   2          case 12:
 310   2      
 311   2            break;
 312   2          
 313   2          case 13:
 314   2      
 315   2            break;
 316   2          
 317   2          case 14:
 318   2      
 319   2            break;
 320   2          
 321   2          case 15:
 322   2      
 323   2            break;
 324   2      
 325   2        }
 326   1      }
 327          //=======================================================================
 328          //--------------------------End of Keypress.C----------------------------
 329          //=======================================================================


MODULE INFORMATION:   STATIC OVERLAYABLE
   CODE SIZE        =    495    ----
   CONSTANT SIZE    =   ----    ----
   XDATA SIZE       =   ----    ----
   PDATA SIZE       =   ----    ----
   DATA SIZE        =   ----       8
   IDATA SIZE       =   ----    ----
   BIT SIZE         =   ----    ----
END OF MODULE INFORMATION.


C51 COMPILATION COMPLETE.  0 WARNING(S),  0 ERROR(S)
