c:\users\昕\source\repos\qtguiapplication1\qtguiapplication1\x64\release\wzexcel.obj
c:\users\昕\source\repos\qtguiapplication1\qtguiapplication1\x64\release\workthread.obj
c:\users\昕\source\repos\qtguiapplication1\qtguiapplication1\x64\release\qrc_qtguiapplication1.obj
c:\users\昕\source\repos\qtguiapplication1\qtguiapplication1\x64\release\moc_qtguiapplication1.obj
c:\users\昕\source\repos\qtguiapplication1\qtguiapplication1\x64\release\qprogressindicator.obj
c:\users\昕\source\repos\qtguiapplication1\qtguiapplication1\x64\release\moc_workthread.obj
c:\users\昕\source\repos\qtguiapplication1\qtguiapplication1\x64\release\qtguiapplication1.obj
c:\users\昕\source\repos\qtguiapplication1\qtguiapplication1\x64\release\changeui.obj
c:\users\昕\source\repos\qtguiapplication1\qtguiapplication1\x64\release\wzserialport.obj
c:\users\昕\source\repos\qtguiapplication1\qtguiapplication1\x64\release\main.obj
c:\users\昕\source\repos\qtguiapplication1\qtguiapplication1\x64\release\moc_qprogressindicator.obj
c:\users\昕\source\repos\qtguiapplication1\x64\release\qtguiapplication1.exe
c:\users\昕\source\repos\qtguiapplication1\qtguiapplication1\.\generatedfiles\release\moc_qtguiapplication1.cpp
c:\users\昕\source\repos\qtguiapplication1\qtguiapplication1\.\generatedfiles\release\moc_workthread.cpp
c:\users\昕\source\repos\qtguiapplication1\qtguiapplication1\.\generatedfiles\release\moc_qprogressindicator.cpp
c:\users\昕\source\repos\qtguiapplication1\qtguiapplication1\generatedfiles\ui_qtguiapplication1.h
c:\users\昕\source\repos\qtguiapplication1\qtguiapplication1\generatedfiles\qrc_qtguiapplication1.cpp
c:\users\昕\source\repos\qtguiapplication1\qtguiapplication1\generatedfiles\release\moc_qtguiapplication1.cpp
c:\users\昕\source\repos\qtguiapplication1\qtguiapplication1\generatedfiles\release\moc_workthread.cpp
c:\users\昕\source\repos\qtguiapplication1\qtguiapplication1\generatedfiles\release\moc_qprogressindicator.cpp
c:\users\昕\source\repos\qtguiapplication1\qtguiapplication1\x64\release\qtguiapplication1.res
c:\users\昕\source\repos\qtguiapplication1\qtguiapplication1\.\generatedfiles\qrc_qtguiapplication1.cpp
c:\users\昕\source\repos\qtguiapplication1\qtguiapplication1\.\generatedfiles\ui_qtguiapplication1.h
c:\users\昕\source\repos\qtguiapplication1\qtguiapplication1\x64\release\qtguiapp.b12702ad.tlog\cl.command.1.tlog
c:\users\昕\source\repos\qtguiapplication1\qtguiapplication1\x64\release\qtguiapp.b12702ad.tlog\cl.read.1.tlog
c:\users\昕\source\repos\qtguiapplication1\qtguiapplication1\x64\release\qtguiapp.b12702ad.tlog\cl.write.1.tlog
c:\users\昕\source\repos\qtguiapplication1\qtguiapplication1\x64\release\qtguiapp.b12702ad.tlog\link.command.1.tlog
c:\users\昕\source\repos\qtguiapplication1\qtguiapplication1\x64\release\qtguiapp.b12702ad.tlog\link.read.1.tlog
c:\users\昕\source\repos\qtguiapplication1\qtguiapplication1\x64\release\qtguiapp.b12702ad.tlog\link.write.1.tlog
c:\users\昕\source\repos\qtguiapplication1\qtguiapplication1\x64\release\qtguiapp.b12702ad.tlog\moc.read.1u.tlog
c:\users\昕\source\repos\qtguiapplication1\qtguiapplication1\x64\release\qtguiapp.b12702ad.tlog\moc.write.1u.tlog
c:\users\昕\source\repos\qtguiapplication1\qtguiapplication1\x64\release\qtguiapp.b12702ad.tlog\qtguiapplication1.write.1u.tlog
c:\users\昕\source\repos\qtguiapplication1\qtguiapplication1\x64\release\qtguiapp.b12702ad.tlog\rc.command.1.tlog
c:\users\昕\source\repos\qtguiapplication1\qtguiapplication1\x64\release\qtguiapp.b12702ad.tlog\rc.read.1.tlog
c:\users\昕\source\repos\qtguiapplication1\qtguiapplication1\x64\release\qtguiapp.b12702ad.tlog\rc.write.1.tlog
c:\users\昕\source\repos\qtguiapplication1\qtguiapplication1\x64\release\qtguiapp.b12702ad.tlog\rcc.read.1u.tlog
c:\users\昕\source\repos\qtguiapplication1\qtguiapplication1\x64\release\qtguiapp.b12702ad.tlog\rcc.write.1u.tlog
c:\users\昕\source\repos\qtguiapplication1\qtguiapplication1\x64\release\qtguiapp.b12702ad.tlog\uic.read.1u.tlog
c:\users\昕\source\repos\qtguiapplication1\qtguiapplication1\x64\release\qtguiapp.b12702ad.tlog\uic.write.1u.tlog
